2025-04-30 09:37:21 - INFO - === Starting dependency resolution loop ===
2025-04-30 09:37:21 - INFO - --- Iteration 1 ---
2025-04-30 09:37:21 - INFO - Analyzing direct dependencies for package: flask
2025-04-30 09:37:21 - INFO - [demo_8.py] Resolving explicitly dependencies for 'flask'
2025-04-30 09:37:22 - INFO - Lowest PyPI valid version for itsdangerous matching '>=2.1.2': 2.1.2
2025-04-30 09:37:23,001 - INFO - Loading configuration explicitly from: files_config.yml
2025-04-30 09:37:23,002 - INFO - Reading requirements from: requirement_files/python3_dev_requirements.txt
2025-04-30 09:37:23,002 - INFO - Reading requirements from: requirement_files/python3_dev_user_requirements.txt
2025-04-30 09:37:23,002 - INFO - Reading requirements from: requirement_files/pip3_requirements.txt
2025-04-30 09:37:23,002 - INFO - Reading requirements from: requirement_files/pip3_requirements.in
2025-04-30 09:37:23,003 - INFO - Max version of itsdangerous across files: 2.1.2 found in requirement_files/pip3_requirements.txt
2025-04-30 09:37:23 - INFO - For 'itsdangerous', using PyPI lowest valid version '2.1.2' explicitly.
2025-04-30 09:37:23 - INFO - Dependency updated explicitly: 'itsdangerous' installed '0.24' doesn't satisfy '>=2.1.2'. Using explicitly '2.1.2'.
2025-04-30 09:37:23 - INFO - Lowest PyPI valid version for Jinja2 matching '>=3.1.2': 3.1.2
2025-04-30 09:37:23,600 - INFO - Loading configuration explicitly from: files_config.yml
2025-04-30 09:37:23,604 - INFO - Reading requirements from: requirement_files/python3_dev_requirements.txt
2025-04-30 09:37:23,604 - INFO - Reading requirements from: requirement_files/python3_dev_user_requirements.txt
2025-04-30 09:37:23,605 - INFO - Reading requirements from: requirement_files/pip3_requirements.txt
2025-04-30 09:37:23,605 - INFO - Reading requirements from: requirement_files/pip3_requirements.in
2025-04-30 09:37:23,605 - INFO - Max version of Jinja2 across files: 3.1.3 found in requirement_files/pip3_requirements.in
2025-04-30 09:37:23 - INFO - For 'Jinja2', requirement file version '3.1.3' found in 'requirement_files/pip3_requirements.in' is higher than lowest PyPI valid '3.1.2'. Using higher '3.1.3' explicitly.
2025-04-30 09:37:23 - INFO - Dependency updated explicitly: 'Jinja2' installed '2.10.3' doesn't satisfy '>=3.1.2'. Using explicitly '3.1.3'.
2025-04-30 09:37:24 - INFO - Lowest PyPI valid version for Werkzeug matching '>=3.0.0': 3.0.0
2025-04-30 09:37:24,328 - INFO - Loading configuration explicitly from: files_config.yml
2025-04-30 09:37:24,329 - INFO - Reading requirements from: requirement_files/python3_dev_requirements.txt
2025-04-30 09:37:24,329 - INFO - Reading requirements from: requirement_files/python3_dev_user_requirements.txt
2025-04-30 09:37:24,329 - INFO - Reading requirements from: requirement_files/pip3_requirements.txt
2025-04-30 09:37:24,330 - INFO - Reading requirements from: requirement_files/pip3_requirements.in
2025-04-30 09:37:24,330 - INFO - Max version of Werkzeug across files: 3.0.1 found in requirement_files/pip3_requirements.txt
2025-04-30 09:37:24 - INFO - For 'Werkzeug', requirement file version '3.0.1' found in 'requirement_files/pip3_requirements.txt' is higher than lowest PyPI valid '3.0.0'. Using higher '3.0.1' explicitly.
2025-04-30 09:37:24 - INFO - Dependency updated explicitly: 'Werkzeug' installed '0.15.5' doesn't satisfy '>=3.0.0'. Using explicitly '3.0.1'.
2025-04-30 09:37:24 - INFO - Explicit dependency issues resolved for 'flask': ['itsdangerous==2.1.2', 'Jinja2==3.1.3', 'Werkzeug==3.0.1']
2025-04-30 09:37:24 - INFO - Analyzing direct dependencies for package: cryptography
2025-04-30 09:37:24 - INFO - [demo_8.py] Resolving explicitly dependencies for 'cryptography'
2025-04-30 09:37:25 - INFO - Explicit dependency issues resolved for 'cryptography': []
2025-04-30 09:37:25 - INFO - Analyzing reverse dependencies for package: flask
2025-04-30 09:37:27 - INFO - Reverse dependency issues identified for 'flask': []
2025-04-30 09:37:27 - INFO - Analyzing reverse dependencies for package: cryptography
2025-04-30 09:37:30 - INFO - Reverse dependency issue identified: snowflake-connector-python==3.0.3 requires 'cryptographycryptography>=3.1.0,<41.0.0' but 42.0.8 is installed.
2025-04-30 09:37:30 - INFO - Reverse dependency issues identified for 'cryptography': ['snowflake-connector-python']
2025-04-30 09:37:31 - INFO - Checking available versions for 'snowflake-connector-python' greater than '3.0.3'
2025-04-30 09:37:32 - INFO - Trail version for 'snowflake-connector-python' after '3.0.3': 3.9.0
2025-04-30 09:37:32 - INFO - Packages to upgrade in iteration 1: {'Werkzeug==3.0.1', 'itsdangerous==2.1.2', 'Jinja2==3.1.3', 'snowflake-connector-python==3.9.0'}
2025-04-30 09:37:35 - INFO - Installed: Werkzeug==3.0.1
2025-04-30 09:37:36 - INFO - Werkzeug: 0.15.5 → 3.0.1
2025-04-30 09:37:39 - INFO - Installed: itsdangerous==2.1.2
2025-04-30 09:37:40 - INFO - itsdangerous: 0.24 → 2.1.2
2025-04-30 09:37:42 - INFO - Installed: Jinja2==3.1.3
2025-04-30 09:37:44 - INFO - Jinja2: 2.10.3 → 3.1.3
2025-04-30 09:37:46 - INFO - Installed: snowflake-connector-python==3.9.0
2025-04-30 09:37:48 - INFO - snowflake-connector-python: 3.0.3 → 3.9.0
2025-04-30 09:37:48 - INFO - --- Iteration 2 ---
2025-04-30 09:37:48 - INFO - Analyzing direct dependencies for package: snowflake-connector-python
2025-04-30 09:37:49 - INFO - [demo_8.py] Resolving explicitly dependencies for 'snowflake-connector-python'
2025-04-30 09:37:49 - WARNING - Dependency 'sortedcontainers' has no installed version. Skipping.
2025-04-30 09:37:49 - WARNING - Dependency 'tomlkit' has no installed version. Skipping.
2025-04-30 09:37:49 - INFO - Explicit dependency issues resolved for 'snowflake-connector-python': []
2025-04-30 09:37:49 - INFO - Analyzing direct dependencies for package: itsdangerous
2025-04-30 09:37:49 - INFO - [demo_8.py] Resolving explicitly dependencies for 'itsdangerous'
2025-04-30 09:37:50 - INFO - Explicit dependency issues resolved for 'itsdangerous': []
2025-04-30 09:37:50 - INFO - Analyzing direct dependencies for package: Werkzeug
2025-04-30 09:37:50 - INFO - [demo_8.py] Resolving explicitly dependencies for 'Werkzeug'
2025-04-30 09:37:51 - INFO - Lowest PyPI valid version for MarkupSafe matching '>=2.1.1': 2.1.1
2025-04-30 09:37:52,020 - INFO - Loading configuration explicitly from: files_config.yml
2025-04-30 09:37:52,021 - INFO - Reading requirements from: requirement_files/python3_dev_requirements.txt
2025-04-30 09:37:52,021 - INFO - Reading requirements from: requirement_files/python3_dev_user_requirements.txt
2025-04-30 09:37:52,021 - INFO - Reading requirements from: requirement_files/pip3_requirements.txt
2025-04-30 09:37:52,021 - INFO - Reading requirements from: requirement_files/pip3_requirements.in
2025-04-30 09:37:52,021 - INFO - Max version of MarkupSafe across files: 2.1.5 found in requirement_files/pip3_requirements.txt
2025-04-30 09:37:52 - INFO - For 'MarkupSafe', requirement file version '2.1.5' found in 'requirement_files/pip3_requirements.txt' is higher than lowest PyPI valid '2.1.1'. Using higher '2.1.5' explicitly.
2025-04-30 09:37:52 - INFO - Dependency updated explicitly: 'MarkupSafe' installed '2.0.1' doesn't satisfy '>=2.1.1'. Using explicitly '2.1.5'.
2025-04-30 09:37:52 - INFO - Explicit dependency issues resolved for 'Werkzeug': ['MarkupSafe==2.1.5']
2025-04-30 09:37:52 - INFO - Analyzing direct dependencies for package: Jinja2
2025-04-30 09:37:52 - INFO - [demo_8.py] Resolving explicitly dependencies for 'Jinja2'
2025-04-30 09:37:52 - INFO - Explicit dependency issues resolved for 'Jinja2': []
2025-04-30 09:37:52 - INFO - Analyzing reverse dependencies for package: snowflake-connector-python
2025-04-30 09:37:55 - INFO - Reverse dependency issues identified for 'snowflake-connector-python': []
2025-04-30 09:37:55 - INFO - Analyzing reverse dependencies for package: itsdangerous
2025-04-30 09:37:57 - INFO - Reverse dependency issues identified for 'itsdangerous': []
2025-04-30 09:37:57 - INFO - Analyzing reverse dependencies for package: Werkzeug
2025-04-30 09:38:00 - INFO - Reverse dependency issues identified for 'Werkzeug': []
2025-04-30 09:38:00 - INFO - Analyzing reverse dependencies for package: Jinja2
2025-04-30 09:38:02 - INFO - Reverse dependency issues identified for 'Jinja2': []
2025-04-30 09:38:02 - INFO - Packages to upgrade in iteration 2: {'MarkupSafe==2.1.5'}
2025-04-30 09:38:04 - INFO - Installed: MarkupSafe==2.1.5
2025-04-30 09:38:05 - INFO - MarkupSafe: 2.0.1 → 2.1.5
2025-04-30 09:38:05 - INFO - --- Iteration 3 ---
2025-04-30 09:38:05 - INFO - Analyzing direct dependencies for package: MarkupSafe
2025-04-30 09:38:06 - INFO - [demo_8.py] Resolving explicitly dependencies for 'MarkupSafe'
2025-04-30 09:38:06 - INFO - Explicit dependency issues resolved for 'MarkupSafe': []
2025-04-30 09:38:06 - INFO - Analyzing reverse dependencies for package: MarkupSafe
2025-04-30 09:38:09 - INFO - Reverse dependency issues identified for 'MarkupSafe': []
2025-04-30 09:38:09 - INFO - Packages to upgrade in iteration 3: set()
2025-04-30 09:38:09 - INFO - No more packages to upgrade. Ending resolution loop.
2025-04-30 09:38:09 - INFO - === Dependency resolution loop completed ===

2025-04-30 09:38:09 - INFO - Werkzeug: 0.15.5 → 3.0.1
2025-04-30 09:38:09 - INFO - itsdangerous: 0.24 → 2.1.2
2025-04-30 09:38:09 - INFO - Jinja2: 2.10.3 → 3.1.3
2025-04-30 09:38:09 - INFO - snowflake-connector-python: 3.0.3 → 3.9.0
2025-04-30 09:38:09 - INFO - MarkupSafe: 2.0.1 → 2.1.5
2025-04-30 10:57:28 - ERROR - Invalid usage: Insufficient arguments provided.
2025-04-30 10:58:14 - INFO - --- Starting environment setup ---
2025-04-30 10:58:14 - INFO - Checking if 'python3-venv' is installed...
2025-04-30 10:58:14 - INFO - python3-venv not found. Installing now.
2025-04-30 10:58:22 - INFO - Virtual environment 'demo_myenv' created successfully.
2025-04-30 10:58:22 - INFO - Starting step: Installing required python packages into virtual environment
2025-04-30 10:58:26 - INFO - Completed successfully: Installing required python packages into virtual environment
2025-04-30 10:58:26 - INFO - Starting step: YML Pip & Apt package extraction and installation
2025-04-30 10:58:38 - INFO - Completed successfully: YML Pip & Apt package extraction and installation
2025-04-30 10:58:38 - INFO - Starting step: Requirements TXT package installation
2025-04-30 11:08:14 - INFO - Completed successfully: Requirements TXT package installation
2025-04-30 11:08:14 - INFO - --- Environment setup completed successfully ---
2025-04-30 11:08:14 - INFO - Setup Finished Successfully!
